<?xml version="1.0" encoding="UTF-8"?>
<!-- Generated by org.testng.reporters.JUnitReportReporter -->
<testsuite hostname="Mapletech" failures="0" tests="2" name="Demo.Demo4" time="8.121" errors="0" timestamp="2023-05-06T15:58:03 IST" skipped="0">
  <testcase classname="Demo.Demo4" name="demo4" time="4.117"/>
  <system-out/>
  <testcase classname="Demo.Demo4" name="demo4" time="4.004"/>
  <system-out/>
</testsuite> <!-- Demo.Demo4 -->
