<?xml version="1.0" encoding="UTF-8"?>
<!-- Generated by org.testng.reporters.JUnitReportReporter -->
<testsuite hostname="Mapletech" failures="0" tests="2" name="Demo.Demo3" time="7.918" errors="0" timestamp="2023-05-06T15:58:03 IST" skipped="0">
  <testcase classname="Demo.Demo3" name="demo3" time="4.072"/>
  <system-out/>
  <testcase classname="Demo.Demo3" name="demo3" time="3.846"/>
  <system-out/>
</testsuite> <!-- Demo.Demo3 -->
