<?xml version="1.0" encoding="UTF-8"?>
<!-- Generated by org.testng.reporters.JUnitReportReporter -->
<testsuite hostname="Mapletech" failures="0" tests="2" name="Demo.Demo1" time="10.549" errors="0" timestamp="2023-05-06T15:58:03 IST" skipped="0">
  <testcase classname="Demo.Demo1" name="demo1" time="5.312"/>
  <system-out/>
  <testcase classname="Demo.Demo1" name="demo1" time="5.237"/>
  <system-out/>
</testsuite> <!-- Demo.Demo1 -->
