<?xml version="1.0" encoding="UTF-8"?>
<!-- Generated by org.testng.reporters.JUnitReportReporter -->
<testsuite hostname="Mapletech" failures="0" tests="4" name="Demo.Demo2" time="8.053" errors="0" timestamp="2023-05-06T15:58:03 IST" skipped="0">
  <testcase classname="Demo.Demo2" name="demo2" time="4.082"/>
  <system-out/>
  <testcase classname="Demo.Demo2" name="display" time="0.002"/>
  <system-out/>
  <testcase classname="Demo.Demo2" name="display" time="0.002"/>
  <system-out/>
  <testcase classname="Demo.Demo2" name="demo2" time="3.967"/>
  <system-out/>
</testsuite> <!-- Demo.Demo2 -->
